<?xml version="1.0" encoding="UTF-8"?>
<!-- Generated by org.testng.reporters.JUnitReportReporter -->
<testsuite hostname="DESKTOP-OGE7II3" failures="0" tests="1" name="check.cmdLineTest" time="0.031" errors="0" timestamp="2024-03-28T15:36:18 IST" skipped="0">
  <testcase classname="check.cmdLineTest" name="mavenTest" time="0.031"/>
  <system-out/>
</testsuite> <!-- check.cmdLineTest -->
