<?xml version="1.0" encoding="UTF-8"?>
<!-- Generated by org.testng.reporters.JUnitReportReporter -->
<testsuite hostname="DESKTOP-OGE7II3" failures="0" tests="1" name="com.qsp.trello.trelloendtoendscenerio.TrelloLogin" time="12.784" errors="0" timestamp="2024-02-20T22:40:57 IST" skipped="0">
  <testcase classname="com.qsp.trello.trelloendtoendscenerio.TrelloLogin" name="verifyUserIsAbleToLoginToTrelloApplication" time="12.784"/>
  <system-out/>
</testsuite> <!-- com.qsp.trello.trelloendtoendscenerio.TrelloLogin -->
