<?xml version="1.0" encoding="UTF-8"?>
<!-- Generated by org.testng.reporters.JUnitReportReporter -->
<testsuite hostname="DESKTOP-OGE7II3" failures="0" tests="6" name="learnTestNG.AnnotationsAndArguments" time="0.033" errors="0" timestamp="2024-02-08T11:13:15 IST" skipped="1">
  <testcase classname="learnTestNG.AnnotationsAndArguments" name="login" time="0.020"/>
  <system-out/>
  <testcase classname="learnTestNG.AnnotationsAndArguments" name="logout" time="0.002"/>
  <system-out/>
  <testcase classname="learnTestNG.AnnotationsAndArguments" name="logout" time="0.004"/>
  <system-out/>
  <testcase classname="learnTestNG.AnnotationsAndArguments" name="logout" time="0.005"/>
  <system-out/>
  <testcase classname="learnTestNG.AnnotationsAndArguments" name="logout" time="0.002"/>
  <system-out/>
  <testcase classname="learnTestNG.AnnotationsAndArguments" name="home">
    <skipped/>
  </testcase> <!-- home -->
  <system-out/>
</testsuite> <!-- learnTestNG.AnnotationsAndArguments -->
