<?xml version="1.0" encoding="UTF-8"?>
<!-- Generated by org.testng.reporters.JUnitReportReporter -->
<testsuite hostname="DESKTOP-OGE7II3" failures="0" tests="1" name="check.TrelloSignUp" time="8.468" errors="0" timestamp="2024-02-19T14:42:20 IST" skipped="0">
  <testcase classname="check.TrelloSignUp" name="VerifyUserIsAbleToSignUpToTrelloApplication" time="8.468"/>
  <system-out/>
</testsuite> <!-- check.TrelloSignUp -->
