<?xml version="1.0" encoding="UTF-8"?>
<!-- Generated by org.testng.reporters.JUnitReportReporter -->
<testsuite hostname="DESKTOP-OGE7II3" failures="0" tests="1" name="check.Demo" time="9.794" errors="0" timestamp="2024-02-19T10:50:28 IST" skipped="0">
  <testcase classname="check.Demo" name="CheckBaseClass" time="9.794"/>
  <system-out/>
</testsuite> <!-- check.Demo -->
